<?xml version="1.0" encoding="UTF-8"?>
<!-- Generated by org.testng.reporters.JUnitReportReporter -->
<testsuite hostname="DESKTOP-FN0TH2Q" failures="0" tests="2" name="testCases.TC002_LoginTest" time="3.904" errors="0" timestamp="2025-06-06T17:09:32 IST" skipped="0">
  <testcase classname="testCases.TC002_LoginTest" name="verify_login" time="2.049"/>
  <testcase classname="testCases.TC002_LoginTest" name="verify_login" time="1.855"/>
</testsuite> <!-- testCases.TC002_LoginTest -->
