<?xml version="1.0" encoding="UTF-8"?>
<!-- Generated by org.testng.reporters.JUnitReportReporter -->
<testsuite hostname="DESKTOP-FN0TH2Q" failures="0" tests="2" name="testCases.TC001_AccountRegistrationTest" time="6.366" errors="0" timestamp="2025-06-06T17:09:32 IST" skipped="0">
  <testcase classname="testCases.TC001_AccountRegistrationTest" name="verify_account_registration" time="3.059"/>
  <testcase classname="testCases.TC001_AccountRegistrationTest" name="verify_account_registration" time="3.307"/>
</testsuite> <!-- testCases.TC001_AccountRegistrationTest -->
