<?xml version="1.0" encoding="UTF-8"?>
<!-- Generated by org.testng.reporters.JUnitReportReporter -->
<testsuite hostname="DESKTOP-FN0TH2Q" failures="0" tests="1" name="testCases.TC002_LoginTest" time="1.923" errors="0" timestamp="2025-06-11T16:06:58 IST" skipped="0">
  <testcase classname="testCases.TC002_LoginTest" name="verify_login" time="1.923"/>
</testsuite> <!-- testCases.TC002_LoginTest -->
